\BOOKMARK [1][-]{Doc-Start}{\376\377\000D\000a\000f\000t\000a\000r\000\040\000P\000u\000s\000t\000a\000k\000a}{}% 1
\BOOKMARK [1][-]{section*.2}{\376\377\000B\000a\000b\000\040\0001\000.\000\040\000P\000e\000n\000d\000a\000h\000u\000l\000u\000a\000n}{}% 2
\BOOKMARK [2][-]{section*.3}{\376\377\0001\000.\0001\000\040\000L\000a\000t\000a\000r\000\040\000B\000e\000l\000a\000k\000a\000n\000g}{section*.2}% 3
\BOOKMARK [2][-]{section*.4}{\376\377\0001\000.\0002\000\040\000R\000u\000m\000u\000s\000a\000n\000\040\000M\000a\000s\000a\000l\000a\000h}{section*.2}% 4
\BOOKMARK [2][-]{section*.5}{\376\377\0001\000.\0003\000\040\000R\000u\000a\000n\000g\000\040\000L\000i\000n\000g\000k\000u\000p}{section*.2}% 5
\BOOKMARK [2][-]{section*.6}{\376\377\0001\000.\0004\000\040\000T\000u\000j\000u\000a\000n\000\040\000d\000a\000n\000\040\000M\000a\000n\000f\000a\000a\000t}{section*.2}% 6
\BOOKMARK [2][-]{section*.7}{\376\377\0001\000.\0005\000\040\000M\000e\000t\000o\000d\000e\000\040\000P\000e\000n\000e\000l\000i\000t\000i\000a\000n}{section*.2}% 7
\BOOKMARK [1][-]{section*.8}{\376\377\000B\000a\000b\000\040\0002\000.\000\040\000T\000i\000n\000j\000a\000u\000a\000n\000\040\000P\000u\000s\000t\000a\000k\000a}{}% 8
\BOOKMARK [2][-]{section*.9}{\376\377\0002\000.\0001\000\040\000O\000b\000j\000e\000c\000t\000\040\000O\000r\000i\000e\000n\000t\000e\000d\000\040\000P\000r\000o\000g\000r\000a\000m\000m\000i\000n\000g}{section*.8}% 9
\BOOKMARK [2][-]{section*.10}{\376\377\0002\000.\0002\000\040\000F\000u\000n\000c\000t\000i\000o\000n\000a\000l\000\040\000P\000r\000o\000g\000r\000a\000m\000m\000i\000n\000g}{section*.8}% 10
\BOOKMARK [2][-]{section*.11}{\376\377\0002\000.\0003\000\040\000A\000r\000c\000h\000i\000t\000e\000c\000t\000u\000r\000a\000l\000\040\000P\000a\000t\000t\000e\000r\000n}{section*.8}% 11
\BOOKMARK [2][-]{section*.12}{\376\377\0002\000.\0004\000\040\000D\000e\000s\000i\000g\000n\000\040\000P\000a\000t\000t\000e\000r\000n}{section*.8}% 12
\BOOKMARK [2][-]{section*.13}{\376\377\0002\000.\0005\000\040\000W\000e\000b\000s\000i\000t\000e\000\040\000M\000o\000c\000k}{section*.8}% 13
\BOOKMARK [3][-]{section*.14}{\376\377\0002\000.\0005\000.\0001\000\040\000B\000u\000y\000e\000r\000\040\000U\000s\000e\000r\000\040\000I\000n\000t\000e\000r\000f\000a\000c\000e}{section*.13}% 14
\BOOKMARK [3][-]{section*.15}{\376\377\0002\000.\0005\000.\0002\000\040\000M\000e\000r\000c\000h\000a\000n\000t\000\040\000U\000s\000e\000r\000\040\000I\000n\000t\000e\000r\000f\000a\000c\000e}{section*.13}% 15
\BOOKMARK [3][-]{section*.16}{\376\377\0002\000.\0005\000.\0003\000\040\000A\000d\000m\000i\000n\000\040\000U\000s\000e\000r\000\040\000I\000n\000t\000e\000r\000f\000a\000c\000e}{section*.13}% 16
\BOOKMARK [1][-]{section*.17}{\376\377\000B\000a\000b\000\040\0003\000.\000\040\000M\000e\000t\000o\000d\000e\000\040\000P\000e\000l\000a\000k\000s\000a\000n\000a\000a\000n}{}% 17
\BOOKMARK [2][-]{section*.18}{\376\377\0003\000.\0001\000\040\000M\000e\000t\000o\000d\000e\000\040\000P\000e\000n\000g\000u\000m\000p\000u\000l\000a\000n\000\040\000D\000a\000t\000a}{section*.17}% 18
\BOOKMARK [2][-]{section*.19}{\376\377\0003\000.\0002\000\040\000M\000e\000t\000o\000d\000e\000\040\000P\000e\000n\000g\000e\000m\000b\000a\000n\000g\000a\000n\000\040\000S\000i\000s\000t\000e\000m}{section*.17}% 19
\BOOKMARK [3][-]{section*.20}{\376\377\0003\000.\0002\000.\0001\000\040\000S\000o\000f\000t\000w\000a\000r\000e\000\040\000D\000e\000s\000i\000g\000n\000\040\000D\000o\000c\000u\000m\000e\000n\000t}{section*.19}% 20
\BOOKMARK [3][-]{section*.21}{\376\377\0003\000.\0002\000.\0002\000\040\000T\000i\000m\000e\000l\000i\000n\000e}{section*.19}% 21
\BOOKMARK [1][-]{figure.7}{\376\377\000R\000e\000f\000e\000r\000e\000n\000s\000i}{}% 22
